1489274791353	geckodriver	INFO	Listening on 127.0.0.1:57119
1489274793449	mozprofile::profile	INFO	Using profile path C:\Users\BHARATH\AppData\Local\Temp\rust_mozprofile.HrgQGZILmmyV
1489274793455	geckodriver::marionette	INFO	Starting browser C:\Program Files (x86)\Mozilla Firefox\firefox.exe with args []
1489274793463	geckodriver::marionette	INFO	Connecting to Marionette on localhost:57125
1489274794139	Marionette	INFO	Listening on port 57125
1489274795503	Marionette	INFO	startBrowser fd74fc99-1f1c-4a2f-8a7d-a0d1e06db0ba
[Child 1264] WARNING: pipe error: 109: file c:/builds/moz2_slave/m-rel-w32-00000000000000000000/build/src/ipc/chromium/src/chrome/common/ipc_channel_win.cc, line 346
[Child 1264] WARNING: pipe error: 109: file c:/builds/moz2_slave/m-rel-w32-00000000000000000000/build/src/ipc/chromium/src/chrome/common/ipc_channel_win.cc, line 346
1489275067657	geckodriver	INFO	Listening on 127.0.0.1:57187
1489275069710	mozprofile::profile	INFO	Using profile path C:\Users\BHARATH\AppData\Local\Temp\rust_mozprofile.3NCh2PtzecIx
1489275069719	geckodriver::marionette	INFO	Starting browser C:\Program Files (x86)\Mozilla Firefox\firefox.exe with args []
1489275069730	geckodriver::marionette	INFO	Connecting to Marionette on localhost:57193
1489275070555	Marionette	INFO	Listening on port 57193
1489275072056	Marionette	INFO	startBrowser 56da90bd-29c7-4bf2-831c-e1ac6d4eb6c0
1489275258871	geckodriver	INFO	Listening on 127.0.0.1:57229
1489275260938	mozprofile::profile	INFO	Using profile path C:\Users\BHARATH\AppData\Local\Temp\rust_mozprofile.ZzHY37IA2eCF
1489275260946	geckodriver::marionette	INFO	Starting browser C:\Program Files (x86)\Mozilla Firefox\firefox.exe with args []
1489275260954	geckodriver::marionette	INFO	Connecting to Marionette on localhost:57235
1489275261601	Marionette	INFO	Listening on port 57235
1489275262810	Marionette	INFO	startBrowser d39fe511-f284-4206-bf95-391cf65d5ee4
[Child 7572] WARNING: pipe error: 109: file c:/builds/moz2_slave/m-rel-w32-00000000000000000000/build/src/ipc/chromium/src/chrome/common/ipc_channel_win.cc, line 346
1489275285101	geckodriver	INFO	Listening on 127.0.0.1:57265
1489275287172	mozprofile::profile	INFO	Using profile path C:\Users\BHARATH\AppData\Local\Temp\rust_mozprofile.8Gg6TURjkcyG
1489275287182	geckodriver::marionette	INFO	Starting browser C:\Program Files (x86)\Mozilla Firefox\firefox.exe with args []
1489275287191	geckodriver::marionette	INFO	Connecting to Marionette on localhost:57271
1489275287847	Marionette	INFO	Listening on port 57271
1489275289118	Marionette	INFO	startBrowser 8b277f04-2393-49dc-b22d-2fad013777b6
[Child 1184] WARNING: pipe error: 109: file c:/builds/moz2_slave/m-rel-w32-00000000000000000000/build/src/ipc/chromium/src/chrome/common/ipc_channel_win.cc, line 346
1489275345775	geckodriver	INFO	Listening on 127.0.0.1:57325
1489275347851	mozprofile::profile	INFO	Using profile path C:\Users\BHARATH\AppData\Local\Temp\rust_mozprofile.sTi7bW3z77Sr
1489275347861	geckodriver::marionette	INFO	Starting browser C:\Program Files (x86)\Mozilla Firefox\firefox.exe with args []
1489275347871	geckodriver::marionette	INFO	Connecting to Marionette on localhost:57331
1489275348511	Marionette	INFO	Listening on port 57331
1489275349736	Marionette	INFO	startBrowser 6685071d-ad34-469e-89fe-bddab1b5bbd5
1489275415513	geckodriver	INFO	Listening on 127.0.0.1:57366
1489275417546	mozprofile::profile	INFO	Using profile path C:\Users\BHARATH\AppData\Local\Temp\rust_mozprofile.xZi9MXC2V9X9
1489275417553	geckodriver::marionette	INFO	Starting browser C:\Program Files (x86)\Mozilla Firefox\firefox.exe with args []
1489275417562	geckodriver::marionette	INFO	Connecting to Marionette on localhost:57372
1489275418339	Marionette	INFO	Listening on port 57372
1489275419822	Marionette	INFO	startBrowser 4ee12df5-1560-4c8f-b4a0-bb2dc7d95560
[Child 11820] WARNING: pipe error: 109: file c:/builds/moz2_slave/m-rel-w32-00000000000000000000/build/src/ipc/chromium/src/chrome/common/ipc_channel_win.cc, line 346
1489275504839	geckodriver	INFO	Listening on 127.0.0.1:57405
1489275506880	mozprofile::profile	INFO	Using profile path C:\Users\BHARATH\AppData\Local\Temp\rust_mozprofile.UJBEEtsEjJHd
1489275506889	geckodriver::marionette	INFO	Starting browser C:\Program Files (x86)\Mozilla Firefox\firefox.exe with args []
1489275506896	geckodriver::marionette	INFO	Connecting to Marionette on localhost:57411
1489275507731	Marionette	INFO	Listening on port 57411
1489275509230	Marionette	INFO	startBrowser dc49c749-991b-4ca5-ade5-f1907f21aa8d
1489275521836	geckodriver	INFO	Listening on 127.0.0.1:57441
1489275523870	mozprofile::profile	INFO	Using profile path C:\Users\BHARATH\AppData\Local\Temp\rust_mozprofile.ETUIDt2ik4th
1489275523876	geckodriver::marionette	INFO	Starting browser C:\Program Files (x86)\Mozilla Firefox\firefox.exe with args []
1489275523886	geckodriver::marionette	INFO	Connecting to Marionette on localhost:57447
1489275524673	Marionette	INFO	Listening on port 57447
1489275526162	Marionette	INFO	startBrowser dd04460d-0ba5-4133-9a8a-d6ddbf00bdbc
1489280896083	geckodriver	INFO	Listening on 127.0.0.1:57890
1489280898162	mozprofile::profile	INFO	Using profile path C:\Users\BHARATH\AppData\Local\Temp\rust_mozprofile.mrd5o1ua8iPf
1489280898172	geckodriver::marionette	INFO	Starting browser C:\Program Files (x86)\Mozilla Firefox\firefox.exe with args []
1489280898180	geckodriver::marionette	INFO	Connecting to Marionette on localhost:57896
1489280898845	Marionette	INFO	Listening on port 57896
1489280900173	Marionette	INFO	startBrowser 3f469ec0-c40b-4853-94d7-6255dc60d2ca
[Child 3632] WARNING: pipe error: 109: file c:/builds/moz2_slave/m-rel-w32-00000000000000000000/build/src/ipc/chromium/src/chrome/common/ipc_channel_win.cc, line 346
1489280938636	geckodriver	INFO	Listening on 127.0.0.1:57928
1489280940683	mozprofile::profile	INFO	Using profile path C:\Users\BHARATH\AppData\Local\Temp\rust_mozprofile.ByUhkJGnOwBa
1489280940690	geckodriver::marionette	INFO	Starting browser C:\Program Files (x86)\Mozilla Firefox\firefox.exe with args []
1489280940701	geckodriver::marionette	INFO	Connecting to Marionette on localhost:57934
1489280941532	Marionette	INFO	Listening on port 57934
1489280943104	Marionette	INFO	startBrowser 0cd900a1-2e9d-4ec9-94b8-f4f73e21f0bc
1489280991466	geckodriver	INFO	Listening on 127.0.0.1:57961
1489280993517	mozprofile::profile	INFO	Using profile path C:\Users\BHARATH\AppData\Local\Temp\rust_mozprofile.foHJVU62Nonz
1489280993526	geckodriver::marionette	INFO	Starting browser C:\Program Files (x86)\Mozilla Firefox\firefox.exe with args []
1489280993541	geckodriver::marionette	INFO	Connecting to Marionette on localhost:57967
1489280994425	Marionette	INFO	Listening on port 57967
1489280996090	Marionette	INFO	startBrowser 77922330-c3e3-46b5-988b-0217061e933b
1489281032931	geckodriver	INFO	Listening on 127.0.0.1:57997
1489281035010	mozprofile::profile	INFO	Using profile path C:\Users\BHARATH\AppData\Local\Temp\rust_mozprofile.xOla9g8AkAUU
1489281035019	geckodriver::marionette	INFO	Starting browser C:\Program Files (x86)\Mozilla Firefox\firefox.exe with args []
1489281035029	geckodriver::marionette	INFO	Connecting to Marionette on localhost:58005
1489281035669	Marionette	INFO	Listening on port 58005
1489281036940	Marionette	INFO	startBrowser 2293685c-eaeb-485d-a409-3368bb2e145e
1489281344434	geckodriver	INFO	Listening on 127.0.0.1:58081
1489281346502	mozprofile::profile	INFO	Using profile path C:\Users\BHARATH\AppData\Local\Temp\rust_mozprofile.LG5PPXRSJ1CF
1489281346511	geckodriver::marionette	INFO	Starting browser C:\Program Files (x86)\Mozilla Firefox\firefox.exe with args []
1489281346518	geckodriver::marionette	INFO	Connecting to Marionette on localhost:58087
1489281347163	Marionette	INFO	Listening on port 58087
1489281348516	Marionette	INFO	startBrowser cf71f69b-69b2-4a76-9606-a49ec853f7c1
1489282227385	geckodriver	INFO	Listening on 127.0.0.1:58234
1489282229485	mozprofile::profile	INFO	Using profile path C:\Users\BHARATH\AppData\Local\Temp\rust_mozprofile.FSQ5yWNE1djg
1489282229505	geckodriver::marionette	INFO	Starting browser C:\Program Files (x86)\Mozilla Firefox\firefox.exe with args []
1489282229523	geckodriver::marionette	INFO	Connecting to Marionette on localhost:58240
1489282230482	Marionette	INFO	Listening on port 58240
1489282232065	Marionette	INFO	startBrowser 4fad4aa0-ca7c-4b4b-85e3-4d91244fdc9e
1489282259040	geckodriver	INFO	Listening on 127.0.0.1:58288
1489282261146	mozprofile::profile	INFO	Using profile path C:\Users\BHARATH\AppData\Local\Temp\rust_mozprofile.1rrQp0eUfMeR
1489282261164	geckodriver::marionette	INFO	Starting browser C:\Program Files (x86)\Mozilla Firefox\firefox.exe with args []
1489282261185	geckodriver::marionette	INFO	Connecting to Marionette on localhost:58294
1489282261985	Marionette	INFO	Listening on port 58294
1489282263561	Marionette	INFO	startBrowser 57062509-d043-482c-9e6b-528eb17acfdb
1489282317180	geckodriver	INFO	Listening on 127.0.0.1:58330
1489282319261	mozprofile::profile	INFO	Using profile path C:\Users\BHARATH\AppData\Local\Temp\rust_mozprofile.BRi17RP59NOO
1489282319280	geckodriver::marionette	INFO	Starting browser C:\Program Files (x86)\Mozilla Firefox\firefox.exe with args []
1489282319298	geckodriver::marionette	INFO	Connecting to Marionette on localhost:58336
1489282320587	Marionette	INFO	Listening on port 58336
1489282322052	Marionette	INFO	startBrowser b2ab024e-ff35-4345-8d22-fab5e7f5ce7d
1489289498797	geckodriver	INFO	Listening on 127.0.0.1:59053
1489289500894	mozprofile::profile	INFO	Using profile path C:\Users\BHARATH\AppData\Local\Temp\rust_mozprofile.1X90UTsEpZD1
1489289500910	geckodriver::marionette	INFO	Starting browser C:\Program Files (x86)\Mozilla Firefox\firefox.exe with args []
1489289500923	geckodriver::marionette	INFO	Connecting to Marionette on localhost:59060
1489289502392	Marionette	INFO	Listening on port 59060
1489289504086	Marionette	INFO	startBrowser a0c866d6-97ff-4016-bdae-dc2e4c046da2
1489289542613	geckodriver	INFO	Listening on 127.0.0.1:59097
1489289544718	mozprofile::profile	INFO	Using profile path C:\Users\BHARATH\AppData\Local\Temp\rust_mozprofile.5ownSxtCQ6Y2
1489289544729	geckodriver::marionette	INFO	Starting browser C:\Program Files (x86)\Mozilla Firefox\firefox.exe with args []
1489289544741	geckodriver::marionette	INFO	Connecting to Marionette on localhost:59103
1489289545946	Marionette	INFO	Listening on port 59103
1489289547485	Marionette	INFO	startBrowser 6ff81f1f-757b-4fae-95bb-19bf7bedbe73
[Child 1420] WARNING: pipe error: 109: file c:/builds/moz2_slave/m-rel-w32-00000000000000000000/build/src/ipc/chromium/src/chrome/common/ipc_channel_win.cc, line 346
[Child 1420] WARNING: pipe error: 109: file c:/builds/moz2_slave/m-rel-w32-00000000000000000000/build/src/ipc/chromium/src/chrome/common/ipc_channel_win.cc, line 346
1489289568954	geckodriver	INFO	Listening on 127.0.0.1:59146
1489289571042	mozprofile::profile	INFO	Using profile path C:\Users\BHARATH\AppData\Local\Temp\rust_mozprofile.EXSKe9yyfOqR
1489289571055	geckodriver::marionette	INFO	Starting browser C:\Program Files (x86)\Mozilla Firefox\firefox.exe with args []
1489289571067	geckodriver::marionette	INFO	Connecting to Marionette on localhost:59152
1489289571835	Marionette	INFO	Listening on port 59152
1489289573304	Marionette	INFO	startBrowser 1d967fa3-de7a-40c3-8b75-90088e222bc2
1489339471287	geckodriver	INFO	Listening on 127.0.0.1:60696
1489339473325	mozprofile::profile	INFO	Using profile path C:\Users\BHARATH\AppData\Local\Temp\rust_mozprofile.LOfLIyJiIGxK
1489339473335	geckodriver::marionette	INFO	Starting browser C:\Program Files (x86)\Mozilla Firefox\firefox.exe with args []
1489339473344	geckodriver::marionette	INFO	Connecting to Marionette on localhost:60702
1489339474390	Marionette	INFO	Listening on port 60702
1489339476113	Marionette	INFO	startBrowser 71a4e2c3-f92a-4518-a5da-ccdbcc869f41
1489339536656	addons.productaddons	WARN	Failed downloading XML, status: 0, reason: error
1489339611045	geckodriver	INFO	Listening on 127.0.0.1:60764
1489339613114	mozprofile::profile	INFO	Using profile path C:\Users\BHARATH\AppData\Local\Temp\rust_mozprofile.Jt5iOK4Vd7n1
1489339613121	geckodriver::marionette	INFO	Starting browser C:\Program Files (x86)\Mozilla Firefox\firefox.exe with args []
1489339613129	geckodriver::marionette	INFO	Connecting to Marionette on localhost:60770
1489339613821	Marionette	INFO	Listening on port 60770
1489339615140	Marionette	INFO	startBrowser c46373ec-b988-4f14-83ec-760993cb7e16

###!!! [Child][MessageChannel] Error: (msgtype=0x4600BB,name=PContent::Msg_ConsoleMessage) Channel closing: too late to send/recv, messages will be lost

1489339953889	geckodriver	INFO	Listening on 127.0.0.1:60857
1489339955965	mozprofile::profile	INFO	Using profile path C:\Users\BHARATH\AppData\Local\Temp\rust_mozprofile.sAUuLBZFtEwH
1489339955972	geckodriver::marionette	INFO	Starting browser C:\Program Files (x86)\Mozilla Firefox\firefox.exe with args []
1489339955979	geckodriver::marionette	INFO	Connecting to Marionette on localhost:60866
1489339956798	Marionette	INFO	Listening on port 60866
1489339958267	Marionette	INFO	startBrowser 2eaf50fb-80a1-4c70-a1fd-09324d013526
1489369257372	geckodriver	INFO	Listening on 127.0.0.1:63456
1489369259423	mozprofile::profile	INFO	Using profile path C:\Users\BHARATH\AppData\Local\Temp\rust_mozprofile.XHWY8FkFKRpN
1489369259430	geckodriver::marionette	INFO	Starting browser C:\Program Files (x86)\Mozilla Firefox\firefox.exe with args []
1489369259440	geckodriver::marionette	INFO	Connecting to Marionette on localhost:63462
1489369260148	Marionette	INFO	Listening on port 63462
1489369261501	Marionette	INFO	startBrowser 7fe4e520-b2a8-44ab-8b07-6f01b7019f59
1489369371945	geckodriver	INFO	Listening on 127.0.0.1:63514
1489369374023	mozprofile::profile	INFO	Using profile path C:\Users\BHARATH\AppData\Local\Temp\rust_mozprofile.MauyoJB6bw65
1489369374031	geckodriver::marionette	INFO	Starting browser C:\Program Files (x86)\Mozilla Firefox\firefox.exe with args []
1489369374040	geckodriver::marionette	INFO	Connecting to Marionette on localhost:63520
1489369374690	Marionette	INFO	Listening on port 63520
1489369375967	Marionette	INFO	startBrowser 04a247ae-a29b-433e-9890-f6e79c73db18

###!!! [Child][MessageChannel] Error: (msgtype=0x82000E,name=PHttpChannel::Msg_RemoveCorsPreflightCacheEntry) Channel closing: too late to send/recv, messages will be lost


###!!! [Child][MessageChannel] Error: (msgtype=0x820007,name=PHttpChannel::Msg_Cancel) Channel closing: too late to send/recv, messages will be lost


###!!! [Child][OnMaybeDequeueOne] Error: Channel closing: too late to send/recv, messages will be lost

[Child 14092] WARNING: pipe error: 109: file c:/builds/moz2_slave/m-rel-w32-00000000000000000000/build/src/ipc/chromium/src/chrome/common/ipc_channel_win.cc, line 346
1489369614157	geckodriver	INFO	Listening on 127.0.0.1:63657
1489369616227	mozprofile::profile	INFO	Using profile path C:\Users\BHARATH\AppData\Local\Temp\rust_mozprofile.pv6LmoeAkkf4
1489369616235	geckodriver::marionette	INFO	Starting browser C:\Program Files (x86)\Mozilla Firefox\firefox.exe with args []
1489369616245	geckodriver::marionette	INFO	Connecting to Marionette on localhost:63663
1489369616962	Marionette	INFO	Listening on port 63663
1489369618280	Marionette	INFO	startBrowser 4f5245df-284b-404f-b9e7-6bc10779c0bb
[Child 5388] WARNING: pipe error: 109: file c:/builds/moz2_slave/m-rel-w32-00000000000000000000/build/src/ipc/chromium/src/chrome/common/ipc_channel_win.cc, line 346
[Child 5388] WARNING: pipe error: 232: file c:/builds/moz2_slave/m-rel-w32-00000000000000000000/build/src/ipc/chromium/src/chrome/common/ipc_channel_win.cc, line 513
[Child 5388] WARNING: pipe error: 109: file c:/builds/moz2_slave/m-rel-w32-00000000000000000000/build/src/ipc/chromium/src/chrome/common/ipc_channel_win.cc, line 346

###!!! [Child][OnMaybeDequeueOne] Error: Channel closing: too late to send/recv, messages will be lost

1489369728019	geckodriver	INFO	Listening on 127.0.0.1:63703
1489369730067	mozprofile::profile	INFO	Using profile path C:\Users\BHARATH\AppData\Local\Temp\rust_mozprofile.2kv1jrnydzBS
1489369730074	geckodriver::marionette	INFO	Starting browser C:\Program Files (x86)\Mozilla Firefox\firefox.exe with args []
1489369730084	geckodriver::marionette	INFO	Connecting to Marionette on localhost:63709
1489369730795	Marionette	INFO	Listening on port 63709
1489369732148	Marionette	INFO	startBrowser 4d0a2fc6-b538-4d9c-8aee-93c7276b61c1
[Child 15836] WARNING: pipe error: 109: file c:/builds/moz2_slave/m-rel-w32-00000000000000000000/build/src/ipc/chromium/src/chrome/common/ipc_channel_win.cc, line 346
[Child 15836] WARNING: pipe error: 109: file c:/builds/moz2_slave/m-rel-w32-00000000000000000000/build/src/ipc/chromium/src/chrome/common/ipc_channel_win.cc, line 346
1489380252724	geckodriver	INFO	Listening on 127.0.0.1:50586
1489380254755	mozprofile::profile	INFO	Using profile path C:\Users\BHARATH\AppData\Local\Temp\rust_mozprofile.3CFICzYYE7Kp
1489380254762	geckodriver::marionette	INFO	Starting browser C:\Program Files (x86)\Mozilla Firefox\firefox.exe with args []
1489380254770	geckodriver::marionette	INFO	Connecting to Marionette on localhost:50592
1489380255733	Marionette	INFO	Listening on port 50592
1489380257128	Marionette	INFO	startBrowser 73c763e8-fe51-445a-88ed-23efc609fb75
[Child 12852] WARNING: pipe error: 109: file c:/builds/moz2_slave/m-rel-w32-00000000000000000000/build/src/ipc/chromium/src/chrome/common/ipc_channel_win.cc, line 346
1489436984480	geckodriver	INFO	Listening on 127.0.0.1:58950
1489436986631	mozprofile::profile	INFO	Using profile path C:\Users\BHARATH\AppData\Local\Temp\rust_mozprofile.IBAFNG12NICQ
1489436986645	geckodriver::marionette	INFO	Starting browser C:\Program Files (x86)\Mozilla Firefox\firefox.exe with args []
1489436986662	geckodriver::marionette	INFO	Connecting to Marionette on localhost:58956
1489436988530	Marionette	INFO	Listening on port 58956
1489436990753	Marionette	INFO	startBrowser d1af17d7-3069-475e-a7fc-1d3fa78a9fa9
[Child 14936] WARNING: pipe error: 109: file c:/builds/moz2_slave/m-rel-w32-00000000000000000000/build/src/ipc/chromium/src/chrome/common/ipc_channel_win.cc, line 346
1489440752276	geckodriver	INFO	Listening on 127.0.0.1:59730
1489440754308	mozprofile::profile	INFO	Using profile path C:\Users\BHARATH\AppData\Local\Temp\rust_mozprofile.m3YIjvMGVAkF
1489440754314	geckodriver::marionette	INFO	Starting browser C:\Program Files (x86)\Mozilla Firefox\firefox.exe with args []
1489440754322	geckodriver::marionette	INFO	Connecting to Marionette on localhost:59736
1489440754957	Marionette	INFO	Listening on port 59736
1489440756231	Marionette	INFO	startBrowser b06cf9f2-2ce7-48cf-8179-b66b4872caf1
[Child 5476] WARNING: pipe error: 109: file c:/builds/moz2_slave/m-rel-w32-00000000000000000000/build/src/ipc/chromium/src/chrome/common/ipc_channel_win.cc, line 346
